<?xml version="1.0" encoding="UTF-8"?>
<testng-results ignored="0" total="4" passed="3" failed="1" skipped="0">
  <reporter-output>
  </reporter-output>
  <suite started-at="2023-07-06T19:42:58 IST" name="Default suite" finished-at="2023-07-06T19:43:38 IST" duration-ms="39381">
    <groups>
    </groups>
    <test started-at="2023-07-06T19:42:58 IST" name="Default test" finished-at="2023-07-06T19:43:38 IST" duration-ms="39381">
      <class name="com.internetBanking.testcases.NewCustomerTC_001">
        <test-method is-config="true" signature="init()[pri:0, instance:com.internetBanking.testcases.NewCustomerTC_001@33bc72d1]" started-at="2023-07-06T19:42:57 IST" name="init" finished-at="2023-07-06T19:42:58 IST" duration-ms="1194" status="PASS">
          <reporter-output>
          </reporter-output>
        </test-method> <!-- init -->
        <test-method is-config="true" signature="setUp(java.lang.String)[pri:0, instance:com.internetBanking.testcases.NewCustomerTC_001@33bc72d1]" started-at="2023-07-06T19:42:58 IST" name="setUp" finished-at="2023-07-06T19:43:27 IST" duration-ms="29247" status="PASS">
          <params>
            <param index="0">
              <value>
                <![CDATA[chrome]]>
              </value>
            </param>
          </params>
          <reporter-output>
          </reporter-output>
        </test-method> <!-- setUp -->
        <test-method signature="createNewCustomeTC_002(java.lang.String,java.lang.String,java.lang.String,java.lang.String,java.lang.String,java.lang.String,java.lang.String,java.lang.String,java.lang.String,java.lang.String)[pri:0, instance:com.internetBanking.testcases.NewCustomerTC_001@33bc72d1]" started-at="2023-07-06T19:43:28 IST" name="createNewCustomeTC_002" data-provider="fetchExcelTestData" finished-at="2023-07-06T19:43:28 IST" duration-ms="5" status="PASS">
          <params>
            <param index="0">
              <value>
                <![CDATA[Laxmi]]>
              </value>
            </param>
            <param index="1">
              <value>
                <![CDATA[Female]]>
              </value>
            </param>
            <param index="2">
              <value>
                <![CDATA[20-Jun-2020]]>
              </value>
            </param>
            <param index="3">
              <value>
                <![CDATA[New Sunil Nagar]]>
              </value>
            </param>
            <param index="4">
              <value>
                <![CDATA[Female]]>
              </value>
            </param>
            <param index="5">
              <value>
                <![CDATA[Maharashtra]]>
              </value>
            </param>
            <param index="6">
              <value>
                <![CDATA[413006.0]]>
              </value>
            </param>
            <param index="7">
              <value>
                <![CDATA[9.852636225E9]]>
              </value>
            </param>
            <param index="8">
              <value>
                <![CDATA[laxmi@gmail.com]]>
              </value>
            </param>
            <param index="9">
              <value>
                <![CDATA[lax@123]]>
              </value>
            </param>
          </params>
          <reporter-output>
          </reporter-output>
        </test-method> <!-- createNewCustomeTC_002 -->
        <test-method signature="createNewCustomeTC_002(java.lang.String,java.lang.String,java.lang.String,java.lang.String,java.lang.String,java.lang.String,java.lang.String,java.lang.String,java.lang.String,java.lang.String)[pri:0, instance:com.internetBanking.testcases.NewCustomerTC_001@33bc72d1]" started-at="2023-07-06T19:43:28 IST" name="createNewCustomeTC_002" data-provider="fetchExcelTestData" finished-at="2023-07-06T19:43:28 IST" duration-ms="2" status="PASS">
          <params>
            <param index="0">
              <value>
                <![CDATA[Payal]]>
              </value>
            </param>
            <param index="1">
              <value>
                <![CDATA[Female]]>
              </value>
            </param>
            <param index="2">
              <value>
                <![CDATA[21-Jun-2021]]>
              </value>
            </param>
            <param index="3">
              <value>
                <![CDATA[Indira nagar]]>
              </value>
            </param>
            <param index="4">
              <value>
                <![CDATA[Female]]>
              </value>
            </param>
            <param index="5">
              <value>
                <![CDATA[Maharashtra]]>
              </value>
            </param>
            <param index="6">
              <value>
                <![CDATA[413006.0]]>
              </value>
            </param>
            <param index="7">
              <value>
                <![CDATA[9.852636226E9]]>
              </value>
            </param>
            <param index="8">
              <value>
                <![CDATA[payal@gmail.com]]>
              </value>
            </param>
            <param index="9">
              <value>
                <![CDATA[pa@4567]]>
              </value>
            </param>
          </params>
          <reporter-output>
          </reporter-output>
        </test-method> <!-- createNewCustomeTC_002 -->
        <test-method signature="createNewCustomeTC_002(java.lang.String,java.lang.String,java.lang.String,java.lang.String,java.lang.String,java.lang.String,java.lang.String,java.lang.String,java.lang.String,java.lang.String)[pri:0, instance:com.internetBanking.testcases.NewCustomerTC_001@33bc72d1]" started-at="2023-07-06T19:43:28 IST" name="createNewCustomeTC_002" data-provider="fetchExcelTestData" finished-at="2023-07-06T19:43:28 IST" duration-ms="2" status="PASS">
          <params>
            <param index="0">
              <value>
                <![CDATA[Akshaya]]>
              </value>
            </param>
            <param index="1">
              <value>
                <![CDATA[Male]]>
              </value>
            </param>
            <param index="2">
              <value>
                <![CDATA[22-Jun-2022]]>
              </value>
            </param>
            <param index="3">
              <value>
                <![CDATA[Shelgi]]>
              </value>
            </param>
            <param index="4">
              <value>
                <![CDATA[Female]]>
              </value>
            </param>
            <param index="5">
              <value>
                <![CDATA[Maharashtra]]>
              </value>
            </param>
            <param index="6">
              <value>
                <![CDATA[413006.0]]>
              </value>
            </param>
            <param index="7">
              <value>
                <![CDATA[9.852636227E9]]>
              </value>
            </param>
            <param index="8">
              <value>
                <![CDATA[Ak@gmail.cim]]>
              </value>
            </param>
            <param index="9">
              <value>
                <![CDATA[aksh@23]]>
              </value>
            </param>
          </params>
          <reporter-output>
          </reporter-output>
        </test-method> <!-- createNewCustomeTC_002 -->
        <test-method signature="verifyNewCustomerTC_001()[pri:1, instance:com.internetBanking.testcases.NewCustomerTC_001@33bc72d1]" started-at="2023-07-06T19:43:28 IST" name="verifyNewCustomerTC_001" finished-at="2023-07-06T19:43:35 IST" duration-ms="6882" status="FAIL">
          <exception class="java.lang.AssertionError">
            <message>
              <![CDATA[expected [true] but found [false]]]>
            </message>
            <full-stacktrace>
              <![CDATA[java.lang.AssertionError: expected [true] but found [false]
at org.testng.Assert.fail(Assert.java:111)
at org.testng.Assert.failNotEquals(Assert.java:1578)
at org.testng.Assert.assertTrue(Assert.java:57)
at org.testng.Assert.assertTrue(Assert.java:67)
at com.internetBanking.testcases.NewCustomerTC_001.verifyNewCustomerTC_001(NewCustomerTC_001.java:37)
at java.base/jdk.internal.reflect.NativeMethodAccessorImpl.invoke0(Native Method)
at java.base/jdk.internal.reflect.NativeMethodAccessorImpl.invoke(NativeMethodAccessorImpl.java:77)
at java.base/jdk.internal.reflect.DelegatingMethodAccessorImpl.invoke(DelegatingMethodAccessorImpl.java:43)
at java.base/java.lang.reflect.Method.invoke(Method.java:568)
at org.testng.internal.invokers.MethodInvocationHelper.invokeMethod(MethodInvocationHelper.java:139)
at org.testng.internal.invokers.TestInvoker.invokeMethod(TestInvoker.java:664)
at org.testng.internal.invokers.TestInvoker.invokeTestMethod(TestInvoker.java:227)
at org.testng.internal.invokers.MethodRunner.runInSequence(MethodRunner.java:50)
at org.testng.internal.invokers.TestInvoker$MethodInvocationAgent.invoke(TestInvoker.java:957)
at org.testng.internal.invokers.TestInvoker.invokeTestMethods(TestInvoker.java:200)
at org.testng.internal.invokers.TestMethodWorker.invokeTestMethods(TestMethodWorker.java:148)
at org.testng.internal.invokers.TestMethodWorker.run(TestMethodWorker.java:128)
at java.base/java.util.ArrayList.forEach(ArrayList.java:1511)
at org.testng.TestRunner.privateRun(TestRunner.java:848)
at org.testng.TestRunner.run(TestRunner.java:621)
at org.testng.SuiteRunner.runTest(SuiteRunner.java:443)
at org.testng.SuiteRunner.runSequentially(SuiteRunner.java:437)
at org.testng.SuiteRunner.privateRun(SuiteRunner.java:397)
at org.testng.SuiteRunner.run(SuiteRunner.java:336)
at org.testng.SuiteRunnerWorker.runSuite(SuiteRunnerWorker.java:52)
at org.testng.SuiteRunnerWorker.run(SuiteRunnerWorker.java:95)
at org.testng.TestNG.runSuitesSequentially(TestNG.java:1280)
at org.testng.TestNG.runSuitesLocally(TestNG.java:1200)
at org.testng.TestNG.runSuites(TestNG.java:1114)
at org.testng.TestNG.run(TestNG.java:1082)
at org.testng.remote.AbstractRemoteTestNG.run(AbstractRemoteTestNG.java:115)
at org.testng.remote.RemoteTestNG.initAndRun(RemoteTestNG.java:251)
at org.testng.remote.RemoteTestNG.main(RemoteTestNG.java:77)
]]>
            </full-stacktrace>
          </exception> <!-- java.lang.AssertionError -->
          <reporter-output>
          </reporter-output>
        </test-method> <!-- verifyNewCustomerTC_001 -->
        <test-method is-config="true" signature="teardown()[pri:0, instance:com.internetBanking.testcases.NewCustomerTC_001@33bc72d1]" started-at="2023-07-06T19:43:35 IST" name="teardown" finished-at="2023-07-06T19:43:38 IST" duration-ms="3008" status="PASS">
          <reporter-output>
          </reporter-output>
        </test-method> <!-- teardown -->
      </class> <!-- com.internetBanking.testcases.NewCustomerTC_001 -->
    </test> <!-- Default test -->
  </suite> <!-- Default suite -->
</testng-results>
