<?xml version="1.0" encoding="UTF-8"?>
<testng-results ignored="0" total="4" passed="3" failed="1" skipped="0">
  <reporter-output>
  </reporter-output>
  <suite started-at="2023-07-20T20:51:49 IST" name="Default suite" finished-at="2023-07-20T20:52:14 IST" duration-ms="24619">
    <groups>
    </groups>
    <test started-at="2023-07-20T20:51:49 IST" name="Default test" finished-at="2023-07-20T20:52:14 IST" duration-ms="24619">
      <class name="com.internetBanking.testcases.NewCustomerTC_001">
        <test-method is-config="true" signature="init()[pri:0, instance:com.internetBanking.testcases.NewCustomerTC_001@33bc72d1]" started-at="2023-07-20T20:51:48 IST" name="init" finished-at="2023-07-20T20:51:49 IST" duration-ms="964" status="PASS">
          <reporter-output>
          </reporter-output>
        </test-method> <!-- init -->
        <test-method is-config="true" signature="setUp(java.lang.String)[pri:0, instance:com.internetBanking.testcases.NewCustomerTC_001@33bc72d1]" started-at="2023-07-20T20:51:49 IST" name="setUp" finished-at="2023-07-20T20:52:09 IST" duration-ms="19435" status="PASS">
          <params>
            <param index="0">
              <value>
                <![CDATA[chrome]]>
              </value>
            </param>
          </params>
          <reporter-output>
          </reporter-output>
        </test-method> <!-- setUp -->
        <test-method signature="createNewCustomeTC_002(java.lang.String,java.lang.String,java.lang.String,java.lang.String,java.lang.String,java.lang.String,java.lang.String,java.lang.String,java.lang.String,java.lang.String)[pri:0, instance:com.internetBanking.testcases.NewCustomerTC_001@33bc72d1]" started-at="2023-07-20T20:52:09 IST" name="createNewCustomeTC_002" data-provider="fetchExcelTestData" finished-at="2023-07-20T20:52:09 IST" duration-ms="4" status="PASS">
          <params>
            <param index="0">
              <value>
                <![CDATA[Laxmi]]>
              </value>
            </param>
            <param index="1">
              <value>
                <![CDATA[Female]]>
              </value>
            </param>
            <param index="2">
              <value>
                <![CDATA[20-Jun-2020]]>
              </value>
            </param>
            <param index="3">
              <value>
                <![CDATA[New Sunil Nagar]]>
              </value>
            </param>
            <param index="4">
              <value>
                <![CDATA[Female]]>
              </value>
            </param>
            <param index="5">
              <value>
                <![CDATA[Maharashtra]]>
              </value>
            </param>
            <param index="6">
              <value>
                <![CDATA[413006.0]]>
              </value>
            </param>
            <param index="7">
              <value>
                <![CDATA[9.852636225E9]]>
              </value>
            </param>
            <param index="8">
              <value>
                <![CDATA[laxmi@gmail.com]]>
              </value>
            </param>
            <param index="9">
              <value>
                <![CDATA[lax@123]]>
              </value>
            </param>
          </params>
          <reporter-output>
          </reporter-output>
        </test-method> <!-- createNewCustomeTC_002 -->
        <test-method signature="createNewCustomeTC_002(java.lang.String,java.lang.String,java.lang.String,java.lang.String,java.lang.String,java.lang.String,java.lang.String,java.lang.String,java.lang.String,java.lang.String)[pri:0, instance:com.internetBanking.testcases.NewCustomerTC_001@33bc72d1]" started-at="2023-07-20T20:52:09 IST" name="createNewCustomeTC_002" data-provider="fetchExcelTestData" finished-at="2023-07-20T20:52:09 IST" duration-ms="2" status="PASS">
          <params>
            <param index="0">
              <value>
                <![CDATA[Payal]]>
              </value>
            </param>
            <param index="1">
              <value>
                <![CDATA[Female]]>
              </value>
            </param>
            <param index="2">
              <value>
                <![CDATA[21-Jun-2021]]>
              </value>
            </param>
            <param index="3">
              <value>
                <![CDATA[Indira nagar]]>
              </value>
            </param>
            <param index="4">
              <value>
                <![CDATA[Female]]>
              </value>
            </param>
            <param index="5">
              <value>
                <![CDATA[Maharashtra]]>
              </value>
            </param>
            <param index="6">
              <value>
                <![CDATA[413006.0]]>
              </value>
            </param>
            <param index="7">
              <value>
                <![CDATA[9.852636226E9]]>
              </value>
            </param>
            <param index="8">
              <value>
                <![CDATA[payal@gmail.com]]>
              </value>
            </param>
            <param index="9">
              <value>
                <![CDATA[pa@4567]]>
              </value>
            </param>
          </params>
          <reporter-output>
          </reporter-output>
        </test-method> <!-- createNewCustomeTC_002 -->
        <test-method signature="createNewCustomeTC_002(java.lang.String,java.lang.String,java.lang.String,java.lang.String,java.lang.String,java.lang.String,java.lang.String,java.lang.String,java.lang.String,java.lang.String)[pri:0, instance:com.internetBanking.testcases.NewCustomerTC_001@33bc72d1]" started-at="2023-07-20T20:52:09 IST" name="createNewCustomeTC_002" data-provider="fetchExcelTestData" finished-at="2023-07-20T20:52:09 IST" duration-ms="3" status="PASS">
          <params>
            <param index="0">
              <value>
                <![CDATA[Akshaya]]>
              </value>
            </param>
            <param index="1">
              <value>
                <![CDATA[Male]]>
              </value>
            </param>
            <param index="2">
              <value>
                <![CDATA[22-Jun-2022]]>
              </value>
            </param>
            <param index="3">
              <value>
                <![CDATA[Shelgi]]>
              </value>
            </param>
            <param index="4">
              <value>
                <![CDATA[Female]]>
              </value>
            </param>
            <param index="5">
              <value>
                <![CDATA[Maharashtra]]>
              </value>
            </param>
            <param index="6">
              <value>
                <![CDATA[413006.0]]>
              </value>
            </param>
            <param index="7">
              <value>
                <![CDATA[9.852636227E9]]>
              </value>
            </param>
            <param index="8">
              <value>
                <![CDATA[Ak@gmail.cim]]>
              </value>
            </param>
            <param index="9">
              <value>
                <![CDATA[aksh@23]]>
              </value>
            </param>
          </params>
          <reporter-output>
          </reporter-output>
        </test-method> <!-- createNewCustomeTC_002 -->
        <test-method signature="verifyNewCustomerTC_001()[pri:1, instance:com.internetBanking.testcases.NewCustomerTC_001@33bc72d1]" started-at="2023-07-20T20:52:09 IST" name="verifyNewCustomerTC_001" finished-at="2023-07-20T20:52:11 IST" duration-ms="2044" status="FAIL">
          <exception class="org.openqa.selenium.UnhandledAlertException">
            <message>
              <![CDATA[unexpected alert open: {Alert text : User or Password is not valid}
  (Session info: chrome=114.0.5735.201): User or Password is not valid
Build info: version: '4.10.0', revision: 'c14d967899'
System info: os.name: 'Windows 10', os.arch: 'amd64', os.version: '10.0', java.version: '17.0.7'
Driver info: org.openqa.selenium.chrome.ChromeDriver
Command: [6ed30f5f72f9bc17f2d0714f63e0500d, findElement {using=link text, value=New Customer}]
Capabilities {acceptInsecureCerts: false, browserName: chrome, browserVersion: 114.0.5735.201, chrome: {chromedriverVersion: 114.0.5735.90 (386bc09e8f4f..., userDataDir: C:\Users\admin\AppData\Loca...}, goog:chromeOptions: {debuggerAddress: localhost:59408}, networkConnectionEnabled: false, pageLoadStrategy: normal, platformName: windows, proxy: Proxy(), se:cdp: ws://localhost:59408/devtoo..., se:cdpVersion: 114.0.5735.201, setWindowRect: true, strictFileInteractability: false, timeouts: {implicit: 0, pageLoad: 300000, script: 30000}, unhandledPromptBehavior: dismiss and notify, webauthn:extension:credBlob: true, webauthn:extension:largeBlob: true, webauthn:extension:minPinLength: true, webauthn:extension:prf: true, webauthn:virtualAuthenticators: true}
Session ID: 6ed30f5f72f9bc17f2d0714f63e0500d]]>
            </message>
            <full-stacktrace>
              <![CDATA[org.openqa.selenium.UnhandledAlertException: unexpected alert open: {Alert text : User or Password is not valid}
  (Session info: chrome=114.0.5735.201): User or Password is not valid
Build info: version: '4.10.0', revision: 'c14d967899'
System info: os.name: 'Windows 10', os.arch: 'amd64', os.version: '10.0', java.version: '17.0.7'
Driver info: org.openqa.selenium.chrome.ChromeDriver
Command: [6ed30f5f72f9bc17f2d0714f63e0500d, findElement {using=link text, value=New Customer}]
Capabilities {acceptInsecureCerts: false, browserName: chrome, browserVersion: 114.0.5735.201, chrome: {chromedriverVersion: 114.0.5735.90 (386bc09e8f4f..., userDataDir: C:\Users\admin\AppData\Loca...}, goog:chromeOptions: {debuggerAddress: localhost:59408}, networkConnectionEnabled: false, pageLoadStrategy: normal, platformName: windows, proxy: Proxy(), se:cdp: ws://localhost:59408/devtoo..., se:cdpVersion: 114.0.5735.201, setWindowRect: true, strictFileInteractability: false, timeouts: {implicit: 0, pageLoad: 300000, script: 30000}, unhandledPromptBehavior: dismiss and notify, webauthn:extension:credBlob: true, webauthn:extension:largeBlob: true, webauthn:extension:minPinLength: true, webauthn:extension:prf: true, webauthn:virtualAuthenticators: true}
Session ID: 6ed30f5f72f9bc17f2d0714f63e0500d
at org.openqa.selenium.remote.codec.w3c.W3CHttpResponseCodec.decode(W3CHttpResponseCodec.java:130)
at org.openqa.selenium.remote.codec.w3c.W3CHttpResponseCodec.decode(W3CHttpResponseCodec.java:51)
at org.openqa.selenium.remote.HttpCommandExecutor.execute(HttpCommandExecutor.java:191)
at org.openqa.selenium.remote.service.DriverCommandExecutor.invokeExecute(DriverCommandExecutor.java:196)
at org.openqa.selenium.remote.service.DriverCommandExecutor.execute(DriverCommandExecutor.java:171)
at org.openqa.selenium.remote.RemoteWebDriver.execute(RemoteWebDriver.java:531)
at org.openqa.selenium.remote.ElementLocation$ElementFinder$2.findElement(ElementLocation.java:165)
at org.openqa.selenium.remote.ElementLocation.findElement(ElementLocation.java:59)
at org.openqa.selenium.remote.RemoteWebDriver.findElement(RemoteWebDriver.java:350)
at org.openqa.selenium.remote.RemoteWebDriver.findElement(RemoteWebDriver.java:344)
at org.openqa.selenium.support.pagefactory.DefaultElementLocator.findElement(DefaultElementLocator.java:68)
at org.openqa.selenium.support.pagefactory.internal.LocatingElementHandler.invoke(LocatingElementHandler.java:38)
at jdk.proxy2/jdk.proxy2.$Proxy20.click(Unknown Source)
at com.internetBanking.pageobject.HomePage.ClickOnNewCustomeLink(HomePage.java:28)
at com.internetBanking.testcases.NewCustomerTC_001.verifyNewCustomerTC_001(NewCustomerTC_001.java:27)
at java.base/jdk.internal.reflect.NativeMethodAccessorImpl.invoke0(Native Method)
at java.base/jdk.internal.reflect.NativeMethodAccessorImpl.invoke(NativeMethodAccessorImpl.java:77)
at java.base/jdk.internal.reflect.DelegatingMethodAccessorImpl.invoke(DelegatingMethodAccessorImpl.java:43)
at java.base/java.lang.reflect.Method.invoke(Method.java:568)
at org.testng.internal.invokers.MethodInvocationHelper.invokeMethod(MethodInvocationHelper.java:139)
at org.testng.internal.invokers.TestInvoker.invokeMethod(TestInvoker.java:664)
at org.testng.internal.invokers.TestInvoker.invokeTestMethod(TestInvoker.java:227)
at org.testng.internal.invokers.MethodRunner.runInSequence(MethodRunner.java:50)
at org.testng.internal.invokers.TestInvoker$MethodInvocationAgent.invoke(TestInvoker.java:957)
at org.testng.internal.invokers.TestInvoker.invokeTestMethods(TestInvoker.java:200)
at org.testng.internal.invokers.TestMethodWorker.invokeTestMethods(TestMethodWorker.java:148)
at org.testng.internal.invokers.TestMethodWorker.run(TestMethodWorker.java:128)
at java.base/java.util.ArrayList.forEach(ArrayList.java:1511)
at org.testng.TestRunner.privateRun(TestRunner.java:848)
at org.testng.TestRunner.run(TestRunner.java:621)
at org.testng.SuiteRunner.runTest(SuiteRunner.java:443)
at org.testng.SuiteRunner.runSequentially(SuiteRunner.java:437)
at org.testng.SuiteRunner.privateRun(SuiteRunner.java:397)
at org.testng.SuiteRunner.run(SuiteRunner.java:336)
at org.testng.SuiteRunnerWorker.runSuite(SuiteRunnerWorker.java:52)
at org.testng.SuiteRunnerWorker.run(SuiteRunnerWorker.java:95)
at org.testng.TestNG.runSuitesSequentially(TestNG.java:1280)
at org.testng.TestNG.runSuitesLocally(TestNG.java:1200)
at org.testng.TestNG.runSuites(TestNG.java:1114)
at org.testng.TestNG.run(TestNG.java:1082)
at org.testng.remote.AbstractRemoteTestNG.run(AbstractRemoteTestNG.java:115)
at org.testng.remote.RemoteTestNG.initAndRun(RemoteTestNG.java:251)
at org.testng.remote.RemoteTestNG.main(RemoteTestNG.java:77)
]]>
            </full-stacktrace>
          </exception> <!-- org.openqa.selenium.UnhandledAlertException -->
          <reporter-output>
          </reporter-output>
        </test-method> <!-- verifyNewCustomerTC_001 -->
        <test-method is-config="true" signature="teardown()[pri:0, instance:com.internetBanking.testcases.NewCustomerTC_001@33bc72d1]" started-at="2023-07-20T20:52:11 IST" name="teardown" finished-at="2023-07-20T20:52:14 IST" duration-ms="3008" status="PASS">
          <reporter-output>
          </reporter-output>
        </test-method> <!-- teardown -->
      </class> <!-- com.internetBanking.testcases.NewCustomerTC_001 -->
    </test> <!-- Default test -->
  </suite> <!-- Default suite -->
</testng-results>
